Arguments: 
  /usr/local/Cellar/node/11.13.0/bin/node /usr/local/bin/yarn clean

PATH: 
  /usr/local/bin:/usr/bin:/bin:/usr/sbin:/sbin:/Users/nirwinkler/bin:/Users/nirwinkler/bin

Yarn version: 
  1.15.2

Node version: 
  11.13.0

Platform: 
  darwin x64

Trace: 
  SyntaxError: /Users/nirwinkler/projects/mad-table/package.json: Unexpected token } in JSON at position 470
      at JSON.parse (<anonymous>)
      at /usr/local/lib/node_modules/yarn/lib/cli.js:1625:59
      at Generator.next (<anonymous>)
      at step (/usr/local/lib/node_modules/yarn/lib/cli.js:304:30)
      at /usr/local/lib/node_modules/yarn/lib/cli.js:315:13

npm manifest: 
  {
    "name": "mad-table",
    "version": "1.0.0",
    "description": "",
    "main": "index.js",
    "scripts": {
      "clean": "rm -rf node_modules dist yarn.lock package-lock.json",
      "serve": "parcel src/index.html",
      "watch": "nodemon --watch src --exec yarn serve",
      "prebuild": "rm -rd dist",
      "build": "parcel build src/index.html"
    },
    "keywords": [],
    "author": "",
    "license": "ISC",
    "dependencies": {
      "@webcomponents/webcomponentsjs": "^2.2.10",
    }
  }

yarn manifest: 
  No manifest

Lockfile: 
  # THIS IS AN AUTOGENERATED FILE. DO NOT EDIT THIS FILE DIRECTLY.
  # yarn lockfile v1
  
  
  "@vaadin/router@^1.2.0":
    version "1.2.0"
    resolved "https://registry.yarnpkg.com/@vaadin/router/-/router-1.2.0.tgz#10143f496104b4b7d7c030c211b0a085a66a20d9"
    integrity sha512-QUL6OlwIlvMTaSIJr06zdUdCIycmKqWnVL2lATkie7ZEoHfFqVcN4FZ7do3CBEtAQy9+rS2IKTllcR7+YntNcg==
    dependencies:
      "@vaadin/vaadin-usage-statistics" "^2.0.1"
      path-to-regexp "2.2.1"
  
  "@vaadin/vaadin-development-mode-detector@^2.0.0":
    version "2.0.0"
    resolved "https://registry.yarnpkg.com/@vaadin/vaadin-development-mode-detector/-/vaadin-development-mode-detector-2.0.0.tgz#69417cbf4a9f7427ec7b70b7dc8e0605a2f900b3"
    integrity sha512-pzSaUqn+lJbTL2ZC6NCAfhyMymMYg2p4DzeUXdyInJISwSWmgh9RlRVpAGhi6MIUOKC7kGeKPAiB4vyWsEhzDg==
  
  "@vaadin/vaadin-usage-statistics@^2.0.1":
    version "2.0.3"
    resolved "https://registry.yarnpkg.com/@vaadin/vaadin-usage-statistics/-/vaadin-usage-statistics-2.0.3.tgz#ee463891c4a9a8722308877887d2092374c4ee51"
    integrity sha512-ZEwXQF0fO5IYoL10Sv4/KQ8dWrLuM3n5XPuzACAa+YtVtE+S4pq3Tunj2t08rJfOGFN1Mi35vLpku3jPNuY/fA==
    dependencies:
      "@vaadin/vaadin-development-mode-detector" "^2.0.0"
  
  "@webcomponents/webcomponentsjs@^2.2.10":
    version "2.2.10"
    resolved "https://registry.yarnpkg.com/@webcomponents/webcomponentsjs/-/webcomponentsjs-2.2.10.tgz#6f6bee0277833ae98d7e5b46f1e0fdb48cd5ff44"
    integrity sha512-5dzhUhP+h0qMiK0IWb7VNb0OGBoXO3AuI6Qi8t9PoKT50s5L1jv0xnwnLq+cFgPuTB8FLTNP8xIDmyoOsKBy9Q==
  
  path-to-regexp@2.2.1:
    version "2.2.1"
    resolved "https://registry.yarnpkg.com/path-to-regexp/-/path-to-regexp-2.2.1.tgz#90b617025a16381a879bc82a38d4e8bdeb2bcf45"
    integrity sha512-gu9bD6Ta5bwGrrU8muHzVOBFFREpp2iRkVfhBJahwJ6p6Xw20SjT0MxLnwkjOibQmGSYhiUnf2FLe7k+jcFmGQ==
  
  rxjs@^6.5.1:
    version "6.5.1"
    resolved "https://registry.yarnpkg.com/rxjs/-/rxjs-6.5.1.tgz#f7a005a9386361921b8524f38f54cbf80e5d08f4"
    integrity sha512-y0j31WJc83wPu31vS1VlAFW5JGrnGC+j+TtGAa1fRQphy48+fDYiDmX8tjGloToEsMkxnouOg/1IzXGKkJnZMg==
    dependencies:
      tslib "^1.9.0"
  
  tslib@^1.9.0:
    version "1.9.3"
    resolved "https://registry.yarnpkg.com/tslib/-/tslib-1.9.3.tgz#d7e4dd79245d85428c4d7e4822a79917954ca286"
    integrity sha512-4krF8scpejhaOgqzBEcGM7yDIEfi0/8+8zDRZhNZZ2kjmHJ4hv3zCbQWxoJGz1iw5U0Jl0nma13xzHXcncMavQ==
